[2025-04-28T13:32:59.067Z] POST /api/usuarios 201 - 323ms - IP: ::1
[2025-04-28T13:34:33.269Z] POST /api/usuarios 201 - 227ms - IP: ::1
[2025-04-28T13:38:25.195Z] POST /api/usuarios 400 - 85ms - IP: ::1
[2025-04-28T13:40:19.095Z] POST /api/usuarios 400 - 85ms - IP: ::1
[2025-04-28T13:40:47.853Z] POST /api/usuarios 201 - 237ms - IP: ::1
[2025-04-28T13:49:35.871Z] POST /api/auth/login 401 - 80ms - IP: ::1
[2025-04-29T13:14:18.582Z] POST /api/auth/login 200 - 1019ms - IP: ::1
[2025-04-29T13:14:20.711Z] GET /api/usuarios/tipo/Perito 200 - 68ms - IP: ::1
[2025-04-29T13:14:20.813Z] GET /api/casos 200 - 73ms - IP: ::1
[2025-04-29T13:14:29.056Z] GET /api/usuarios/tipo/Perito 304 - 67ms - IP: ::1
[2025-04-29T13:14:29.154Z] GET /api/casos 304 - 72ms - IP: ::1
[2025-04-29T13:14:37.236Z] GET /api/usuarios 200 - 523ms - IP: ::1
[2025-04-29T13:14:51.773Z] GET /api/usuarios/680f838a610579a830e013bb 200 - 585ms - IP: ::1
[2025-04-29T13:14:57.965Z] GET /api/usuarios 304 - 572ms - IP: ::1
[2025-04-29T13:15:00.675Z] GET /api/usuarios/68108854eea392f5fc1b1ce0 200 - 195ms - IP: ::1
[2025-04-29T13:15:07.206Z] GET /api/usuarios 304 - 566ms - IP: ::1
[2025-04-29T13:15:08.472Z] GET /api/usuarios/680f838a610579a830e013bb 304 - 432ms - IP: ::1
[2025-04-29T13:15:09.877Z] GET /api/usuarios/680f838a610579a830e013bb 304 - 445ms - IP: ::1
[2025-04-29T13:15:18.839Z] PUT /api/usuarios/680f838a610579a830e013bb 200 - 576ms - IP: ::1
[2025-04-29T13:15:21.494Z] GET /api/usuarios/680f838a610579a830e013bb 200 - 547ms - IP: ::1
[2025-04-29T13:15:25.657Z] GET /api/usuarios 200 - 553ms - IP: ::1
[2025-04-29T13:15:31.450Z] GET /api/usuarios/tipo/Perito 304 - 65ms - IP: ::1
[2025-04-29T13:15:31.535Z] GET /api/casos 304 - 69ms - IP: ::1
[2025-04-29T13:15:35.533Z] GET /api/usuarios/tipo/Perito 304 - 67ms - IP: ::1
[2025-04-29T13:16:03.554Z] GET /api/usuarios 304 - 561ms - IP: ::1
[2025-04-29T13:17:12.356Z] POST /api/usuarios 201 - 248ms - IP: ::1
[2025-04-29T13:17:14.982Z] GET /api/usuarios 200 - 563ms - IP: ::1
[2025-04-29T13:18:07.306Z] POST /api/usuarios 201 - 235ms - IP: ::1
[2025-04-29T13:18:09.921Z] GET /api/usuarios 200 - 559ms - IP: ::1
[2025-04-29T13:18:24.402Z] GET /api/usuarios/tipo/Perito 200 - 69ms - IP: ::1
[2025-04-29T13:21:29.579Z] POST /api/casos/com-evidencias 201 - 631ms - IP: ::1
[2025-04-29T13:21:31.761Z] GET /api/usuarios/tipo/Perito 304 - 69ms - IP: ::1
[2025-04-29T13:21:31.855Z] GET /api/casos 200 - 68ms - IP: ::1
[2025-04-29T13:21:38.720Z] GET /api/usuarios/tipo/Perito 304 - 66ms - IP: ::1
[2025-04-29T13:21:38.818Z] GET /api/casos/3 200 - 70ms - IP: ::1
[2025-04-29T13:21:39.343Z] GET /api/evidencias/caso/6810d259000d121fcc19eb0a 200 - 486ms - IP: ::1
[2025-04-29T13:21:39.606Z] GET /api/evidencias/caso/6810d259000d121fcc19eb0a 304 - 224ms - IP: ::1
[2025-04-29T13:21:39.864Z] GET /api/evidencias/caso/6810d259000d121fcc19eb0a 304 - 224ms - IP: ::1
[2025-04-29T13:22:23.095Z] PUT /api/casos/3 200 - 70ms - IP: ::1
[2025-04-29T13:22:23.162Z] PUT /api/evidencias/ 404 - 31ms - IP: ::1
[2025-04-29T13:22:23.204Z] PUT /api/evidencias/ 404 - 1ms - IP: ::1
[2025-04-29T13:22:25.334Z] GET /api/usuarios/tipo/Perito 304 - 67ms - IP: ::1
[2025-04-29T13:22:25.420Z] GET /api/casos 200 - 65ms - IP: ::1
[2025-04-29T13:22:30.296Z] GET /api/usuarios/tipo/Perito 304 - 67ms - IP: ::1
[2025-04-29T13:22:30.393Z] GET /api/casos/3 200 - 69ms - IP: ::1
[2025-04-29T13:22:30.897Z] GET /api/evidencias/caso/6810d259000d121fcc19eb0a 304 - 468ms - IP: ::1
[2025-04-29T13:22:31.162Z] GET /api/evidencias/caso/6810d259000d121fcc19eb0a 304 - 230ms - IP: ::1
[2025-04-29T13:22:31.469Z] GET /api/evidencias/caso/6810d259000d121fcc19eb0a 304 - 279ms - IP: ::1
[2025-04-29T13:22:49.618Z] GET /api/usuarios/tipo/Perito 304 - 65ms - IP: ::1
[2025-04-29T13:22:49.694Z] GET /api/casos 304 - 65ms - IP: ::1
[2025-04-29T13:22:55.367Z] GET /api/usuarios/tipo/Perito 304 - 65ms - IP: ::1
[2025-04-29T13:22:55.464Z] GET /api/casos/1 200 - 67ms - IP: ::1
[2025-04-29T13:22:56.440Z] GET /api/evidencias/caso/681085ddeea392f5fc1b1ca2 200 - 939ms - IP: ::1
[2025-04-29T13:22:57.728Z] GET /api/evidencias/caso/681085ddeea392f5fc1b1ca2 304 - 1267ms - IP: ::1
[2025-04-29T13:22:58.311Z] GET /api/evidencias/caso/681085ddeea392f5fc1b1ca2 304 - 572ms - IP: ::1
[2025-04-29T13:23:01.320Z] GET /api/usuarios/tipo/Perito 304 - 64ms - IP: ::1
[2025-04-29T13:23:01.394Z] GET /api/casos 304 - 63ms - IP: ::1
[2025-04-29T13:23:02.453Z] GET /api/usuarios/tipo/Perito 304 - 64ms - IP: ::1
[2025-04-29T13:23:02.549Z] GET /api/casos/3 304 - 67ms - IP: ::1
[2025-04-29T13:23:03.043Z] GET /api/evidencias/caso/6810d259000d121fcc19eb0a 304 - 460ms - IP: ::1
[2025-04-29T13:23:03.296Z] GET /api/evidencias/caso/6810d259000d121fcc19eb0a 304 - 223ms - IP: ::1
[2025-04-29T13:23:03.557Z] GET /api/evidencias/caso/6810d259000d121fcc19eb0a 304 - 228ms - IP: ::1
[2025-04-29T13:23:36.147Z] GET /api/usuarios/tipo/Perito 304 - 71ms - IP: ::1
[2025-04-29T13:23:36.223Z] GET /api/casos 304 - 66ms - IP: ::1
[2025-04-29T13:23:42.544Z] GET /api/usuarios/tipo/Perito 304 - 82ms - IP: ::1
[2025-04-29T13:23:42.639Z] GET /api/casos 304 - 68ms - IP: ::1
[2025-04-29T13:23:44.168Z] GET /api/usuarios/tipo/Perito 304 - 66ms - IP: ::1
[2025-04-29T13:23:45.055Z] GET /api/usuarios/tipo/Perito 304 - 72ms - IP: ::1
[2025-04-29T13:23:45.134Z] GET /api/casos 304 - 68ms - IP: ::1
[2025-04-29T13:23:47.455Z] GET /api/usuarios/tipo/Perito 304 - 65ms - IP: ::1
[2025-04-29T13:23:56.517Z] GET /api/usuarios 304 - 561ms - IP: ::1
[2025-04-29T13:23:59.905Z] GET /api/casos/responsavel/680f838a610579a830e013bb/status/Em%20andamento 200 - 64ms - IP: ::1
[2025-04-29T13:23:59.987Z] GET /api/casos/responsavel/680f838a610579a830e013bb/status/Finalizado 200 - 65ms - IP: ::1
[2025-04-29T13:24:00.091Z] GET /api/casos/responsavel/680f838a610579a830e013bb/status/Arquivado 200 - 67ms - IP: ::1
[2025-04-29T13:24:10.513Z] GET /api/usuarios/tipo/Perito 304 - 66ms - IP: ::1
[2025-04-29T13:24:10.604Z] GET /api/casos 304 - 73ms - IP: ::1
[2025-04-29T13:24:22.778Z] GET /api/usuarios/tipo/Perito 304 - 67ms - IP: ::1
[2025-04-29T13:24:22.875Z] GET /api/casos 304 - 68ms - IP: ::1
[2025-04-29T13:24:32.544Z] GET /api/usuarios 304 - 589ms - IP: ::1
[2025-04-29T13:24:46.144Z] GET /api/usuarios/68108854eea392f5fc1b1ce0 304 - 197ms - IP: ::1
[2025-04-29T13:24:53.271Z] GET /api/usuarios/tipo/Perito 304 - 64ms - IP: ::1
[2025-04-29T13:24:53.366Z] GET /api/casos 304 - 68ms - IP: ::1
[2025-04-29T13:24:57.527Z] GET /api/usuarios/tipo/Perito 304 - 66ms - IP: ::1
[2025-04-29T13:24:57.626Z] GET /api/casos 304 - 69ms - IP: ::1
[2025-04-29T13:24:59.399Z] GET /api/usuarios/tipo/Perito 304 - 66ms - IP: ::1
[2025-04-29T13:24:59.480Z] GET /api/casos 304 - 68ms - IP: ::1
[2025-04-29T13:25:02.893Z] GET /api/usuarios/tipo/Perito 304 - 65ms - IP: ::1
[2025-04-29T13:25:02.976Z] GET /api/casos 304 - 67ms - IP: ::1
[2025-04-29T13:25:05.998Z] GET /api/usuarios/tipo/Perito 304 - 66ms - IP: ::1
[2025-04-29T13:25:06.083Z] GET /api/casos 304 - 70ms - IP: ::1
[2025-04-29T13:25:07.472Z] GET /api/usuarios/tipo/Perito 304 - 67ms - IP: ::1
[2025-04-29T13:25:07.568Z] GET /api/casos 304 - 68ms - IP: ::1
[2025-04-29T13:25:19.874Z] GET /api/usuarios/tipo/Perito 304 - 66ms - IP: ::1
[2025-04-29T13:25:19.964Z] GET /api/casos 304 - 68ms - IP: ::1
[2025-04-29T13:25:21.707Z] GET /api/usuarios/tipo/Perito 304 - 94ms - IP: ::1
[2025-04-29T13:25:29.343Z] POST /api/casos 201 - 142ms - IP: ::1
[2025-04-29T13:25:31.481Z] GET /api/usuarios/tipo/Perito 304 - 67ms - IP: ::1
[2025-04-29T13:25:31.583Z] GET /api/casos 200 - 68ms - IP: ::1
[2025-04-29T13:25:33.408Z] GET /api/usuarios/tipo/Perito 304 - 67ms - IP: ::1
[2025-04-29T13:25:33.505Z] GET /api/casos/4 200 - 68ms - IP: ::1
[2025-04-29T13:25:33.606Z] GET /api/evidencias/caso/6810d349000d121fcc19eb59 404 - 67ms - IP: ::1
[2025-04-29T13:25:33.705Z] GET /api/evidencias/caso/6810d349000d121fcc19eb59 404 - 67ms - IP: ::1
[2025-04-29T13:25:33.803Z] GET /api/evidencias/caso/6810d349000d121fcc19eb59 404 - 66ms - IP: ::1
[2025-04-29T13:25:38.464Z] GET /api/evidencias/caso/6810d349000d121fcc19eb59 404 - 65ms - IP: ::1
[2025-04-29T13:25:38.493Z] GET /api/evidencias/caso/4 500 - 8ms - IP: ::1
[2025-04-29T13:25:38.521Z] GET /api/evidencias/caso/string/6810d349000d121fcc19eb59 404 - 3ms - IP: ::1
[2025-04-29T13:25:38.635Z] DELETE /api/casos/4 200 - 75ms - IP: ::1
[2025-04-29T13:25:40.768Z] GET /api/usuarios/tipo/Perito 304 - 66ms - IP: ::1
[2025-04-29T13:25:40.844Z] GET /api/casos 200 - 65ms - IP: ::1
[2025-04-29T13:25:48.132Z] GET /api/usuarios 304 - 561ms - IP: ::1
[2025-04-29T13:25:50.461Z] GET /api/usuarios 304 - 554ms - IP: ::1
[2025-05-22T17:48:18.768Z] POST /api/auth/login 401 - 553ms - IP: ::1
[2025-05-22T17:48:51.186Z] POST /api/auth/register 404 - 5ms - IP: ::1
[2025-05-22T17:54:50.845Z] POST /api/usuarios 201 - 402ms - IP: ::1
[2025-05-22T17:55:30.944Z] POST /api/auth/login 200 - 417ms - IP: ::1
[2025-05-23T18:24:11.362Z] POST /api/auth/login 200 - 683ms - IP: ::1
[2025-05-23T18:26:35.461Z] GET /api/usuarios 403 - 1ms - IP: ::1
[2025-05-23T18:27:15.762Z] GET /api/usuarios 403 - 2ms - IP: ::1
[2025-05-23T18:27:52.978Z] GET /api/usuarios 403 - 0ms - IP: ::1
[2025-05-23T18:28:46.757Z] GET /api/usuarios 403 - 0ms - IP: ::1
[2025-05-23T18:28:48.825Z] GET /api/usuarios 403 - 0ms - IP: ::1
[2025-05-23T18:29:47.072Z] GET /api/usuarios/ 403 - 0ms - IP: ::1
[2025-05-23T18:29:50.811Z] GET /api/usuarios/ 403 - 1ms - IP: ::1
[2025-05-23T18:36:24.646Z] GET /api/usuarios 200 - 750ms - IP: ::1
[2025-05-23T18:48:36.037Z] GET /api/casos?Authorization=Bearer%20eyJhbGciOiJIUzI1NiIsInR5cCI6IkpXVCJ9.eyJpZCI6IjY4MmY2NGVhNDdkOWQ0ZDVhODViNGZjMiIsInRpcG9fcGVyZmlsIjoiUGVyaXRvIiwiaWF0IjoxNzQ4MDI0NjUxLCJleHAiOjE3NDg2Mjk0NTF9.oOHscbSUCTIIvXxRAicG49dUxaqG928CpggGV2IkYoM 403 - 8ms - IP: ::1
[2025-05-23T18:49:45.022Z] GET /api/casos 200 - 101ms - IP: ::1
[2025-05-23T18:50:03.597Z] GET /api/casos 401 - 0ms - IP: ::1
[2025-05-23T18:50:07.583Z] GET /api/casos 200 - 72ms - IP: ::1
[2025-05-27T13:33:48.027Z] POST /api/auth/login 200 - 899ms - IP: ::1
[2025-05-27T13:34:22.154Z] GET /api/usuarios 200 - 686ms - IP: ::1
[2025-05-27T13:37:35.909Z] DELETE /api/usuarios/6810d158000d121fcc19eb01 403 - 2ms - IP: ::1
[2025-05-27T13:39:29.192Z] PUT /api/usuarios/6810d158000d121fcc19eb01 200 - 78ms - IP: ::1
[2025-05-27T13:40:51.535Z] GET /api/casos 200 - 73ms - IP: ::1
[2025-05-27T13:42:12.285Z] POST /api/casos 400 - 4ms - IP: ::1
[2025-05-27T13:43:53.293Z] POST /api/casos 400 - 5ms - IP: ::1
[2025-05-27T13:46:41.205Z] POST /api/casos 201 - 181ms - IP: ::1
[2025-05-27T13:48:21.614Z] PUT /api/casos/6 200 - 75ms - IP: ::1
[2025-05-27T13:49:44.575Z] GET /api/casos/6 200 - 67ms - IP: ::1
[2025-05-27T13:50:09.117Z] DELETE /api/casos/6 403 - 1ms - IP: ::1
[2025-05-27T14:05:37.334Z] POST /api/casos/novo 201 - 218ms - IP: ::1
[2025-05-27T14:10:48.687Z] POST /api/casos/novo-com-evidencias 201 - 263ms - IP: ::1
[2025-05-27T14:11:44.757Z] POST /api/casos/novo-com-evidencias 201 - 323ms - IP: ::1
[2025-05-27T14:12:24.102Z] GET /api/casos/listar 200 - 104ms - IP: ::1
[2025-05-27T14:12:58.504Z] PUT /api/casos/atualizar/6 200 - 88ms - IP: ::1
[2025-05-27T14:14:19.213Z] GET /api/casos/listar/6 200 - 88ms - IP: ::1
[2025-05-27T14:14:38.892Z] DELETE /api/casos/remover/6 403 - 3ms - IP: ::1
[2025-05-27T14:17:52.663Z] GET /api/casos/responsavel/682f64ea47d9d4d5a85b4fc2/status/Em%20andamento 200 - 75ms - IP: ::1
[2025-05-27T14:19:50.264Z] GET /api/casos/status/Em%20andamento 200 - 88ms - IP: ::1
[2025-05-27T14:37:43.886Z] GET /api/casos/listar 200 - 85ms - IP: ::1
[2025-05-28T23:50:44.912Z] GET /api/usuarios/ 200 - 608ms - IP: ::1
[2025-05-28T23:52:57.687Z] POST /api/usuarios/ 201 - 503ms - IP: ::1
[2025-05-30T19:50:03.761Z] POST /api/auth/login 200 - 835ms - IP: ::ffff:192.168.15.11
